[21:56:15] [ServerMain/INFO]: [bootstrap] Running Java 21 (OpenJDK 64-Bit Server VM 21.0.9+10-Ubuntu-124.04; Ubuntu null) on Linux 6.8.0-1030-azure (amd64)
[21:56:15] [ServerMain/INFO]: [bootstrap] Loading Paper 1.21.8-6-main@782ce95 (2025-07-18T20:26:58Z) for Minecraft 1.21.8
[21:56:15] [ServerMain/INFO]: [PluginInitializerManager] Initializing plugins...
[21:56:16] [ServerMain/INFO]: [PluginInitializerManager] Initialized 2 plugins
[21:56:16] [ServerMain/INFO]: [PluginInitializerManager] Bukkit plugins (2):
 - SkinsRestorer (15.9.0), TerraformGenerator (24.1.0)
[21:56:22] [ServerMain/INFO]: Environment: Environment[sessionHost=https://sessionserver.mojang.com, servicesHost=https://api.minecraftservices.com, name=PROD]
[21:56:24] [ServerMain/INFO]: Loaded 1407 recipes
[21:56:24] [ServerMain/INFO]: Loaded 1520 advancements
[21:56:24] [ServerMain/INFO]: [ca.spottedleaf.dataconverter.minecraft.datatypes.MCTypeRegistry] Initialising converters for DataConverter...
[21:56:24] [ServerMain/INFO]: [ca.spottedleaf.dataconverter.minecraft.datatypes.MCTypeRegistry] Finished initialising converters for DataConverter in 403.4ms
[21:56:24] [Server thread/INFO]: Starting minecraft server version 1.21.8
[21:56:24] [Server thread/INFO]: Loading properties
[21:56:24] [Server thread/INFO]: This server is running Paper version 1.21.8-6-main@782ce95 (2025-07-18T20:26:58Z) (Implementing API version 1.21.8-R0.1-SNAPSHOT)
[21:56:24] [Server thread/INFO]: [spark] This server bundles the spark profiler. For more information please visit https://docs.papermc.io/paper/profiling
[21:56:25] [Server thread/INFO]: Server Ping Player Sample Count: 12
[21:56:25] [Server thread/INFO]: Using 4 threads for Netty based IO
[21:56:25] [Server thread/INFO]: [MoonriseCommon] Paper is using 1 worker threads, 1 I/O threads
[21:56:25] [Server thread/INFO]: [ChunkTaskScheduler] Chunk system is using population gen parallelism: true
[21:56:26] [Server thread/INFO]: Default game type: SURVIVAL
[21:56:26] [Server thread/INFO]: Generating keypair
[21:56:26] [Server thread/INFO]: Starting Minecraft server on *:25565
[21:56:26] [Server thread/INFO]: Using epoll channel type
[21:56:26] [Server thread/INFO]: Paper: Using libdeflate (Linux x86_64) compression from Velocity.
[21:56:26] [Server thread/INFO]: Paper: Using OpenSSL 3.x.x (Linux x86_64) cipher from Velocity.
[21:56:26] [Server thread/INFO]: [SkinsRestorer] Loading server plugin SkinsRestorer v15.9.0
[21:56:26] [Server thread/INFO]: [TerraformGenerator] Loading server plugin TerraformGenerator v24.1.0
[21:56:26] [Server thread/INFO]: Server permissions file permissions.yml is empty, ignoring it
[21:56:26] [Server thread/INFO]: [SkinsRestorer] Enabling SkinsRestorer v15.9.0
[21:56:27] [Server thread/INFO]: [SkinsRestorer] Running on Minecraft 1.21.8.
[21:56:28] [Server thread/INFO]: [SkinsRestorer] Using paper join listener!
[21:56:28] [Server thread/INFO]: [TerraformGenerator] Enabling TerraformGenerator v24.1.0
[21:56:28] [Folia Async Scheduler Thread #1/INFO]: [SkinsRestorer] ----------------------------------------------
[21:56:28] [Folia Async Scheduler Thread #1/INFO]: [SkinsRestorer]     +==================+
[21:56:28] [Folia Async Scheduler Thread #1/INFO]: [SkinsRestorer]     |   SkinsRestorer  |
[21:56:28] [Folia Async Scheduler Thread #1/INFO]: [SkinsRestorer]     |------------------|
[21:56:28] [Folia Async Scheduler Thread #1/INFO]: [SkinsRestorer]     |  Standalone Mode |
[21:56:28] [Folia Async Scheduler Thread #1/INFO]: [SkinsRestorer]     +==================+
[21:56:28] [Folia Async Scheduler Thread #1/INFO]: [SkinsRestorer] ----------------------------------------------
[21:56:28] [Folia Async Scheduler Thread #1/INFO]: [SkinsRestorer]     Version: 15.9.0
[21:56:28] [Folia Async Scheduler Thread #1/INFO]: [SkinsRestorer]     Commit: 1565b8f
[21:56:28] [Folia Async Scheduler Thread #1/INFO]: [SkinsRestorer]     This is the latest version!
[21:56:28] [Folia Async Scheduler Thread #1/INFO]: [SkinsRestorer] ----------------------------------------------
[21:56:28] [Folia Async Scheduler Thread #1/INFO]: [SkinsRestorer] Do you have issues? Read our troubleshooting guide: https://skinsrestorer.net/docs/troubleshooting
[21:56:28] [Folia Async Scheduler Thread #1/INFO]: [SkinsRestorer] Want to support SkinsRestorer? Consider donating: https://skinsrestorer.net/donate
[21:56:28] [Server thread/INFO]: [TerraformGenerator] Custom Logger Initialized
[21:56:28] [Server thread/INFO]: [TerraformGenerator] bStats Metrics enabled.
[21:56:28] [Server thread/INFO]: [TerraformGenerator] Detected version: 1.21.8, number: 21.8
[21:56:28] [Server thread/WARN]: **** SERVER IS RUNNING IN OFFLINE/INSECURE MODE!
[21:56:28] [Server thread/WARN]: The server will make no attempt to authenticate usernames. Beware.
[21:56:28] [Server thread/WARN]: While this makes the game possible to play without internet access, it also opens up the ability for hackers to connect with any username they choose.
[21:56:28] [Server thread/WARN]: To change this, set "online-mode" to "true" in the server.properties file.
[21:56:28] [Server thread/INFO]: Preparing level "world"
[21:56:29] [Server thread/INFO]: [TerraformGenerator] Detected world: world, commencing injection... 
[21:56:29] [Server thread/INFO]: [TerraformGenerator] Injection success! Proceeding with generation.
[21:56:29] [Server thread/INFO]: Preparing start region for dimension minecraft:overworld
[21:56:29] [Server thread/INFO]: Preparing spawn area: 0%
[21:56:29] [Server thread/INFO]: Preparing spawn area: 4%
[21:56:30] [Server thread/INFO]: Time elapsed: 972 ms
[21:56:30] [Server thread/INFO]: [TerraformGenerator] world loaded.
[21:56:30] [Server thread/INFO]: Preparing start region for dimension minecraft:the_nether
[21:56:30] [Server thread/INFO]: Preparing spawn area: 0%
[21:56:30] [Server thread/INFO]: Preparing spawn area: 42%
[21:56:31] [Server thread/INFO]: Time elapsed: 751 ms
[21:56:31] [Server thread/INFO]: Preparing start region for dimension minecraft:the_end
[21:56:31] [Server thread/INFO]: Preparing spawn area: 0%
[21:56:31] [Server thread/INFO]: Time elapsed: 111 ms
[21:56:31] [Server thread/INFO]: [spark] Starting background profiler...
[21:56:31] [Server thread/INFO]: Done preparing level "world" (2.828s)
[21:56:31] [Server thread/INFO]: Running delayed init tasks
[21:56:31] [Server thread/INFO]: Done (17.104s)! For help, type "help"
[21:56:34] [User Authenticator #0/INFO]: UUID of player SebasyTU_ is 77a390da-81bb-3a9a-83b6-98e9f9115325
[21:56:37] [Server thread/INFO]: SebasyTU_ joined the game
[21:56:37] [Server thread/INFO]: SebasyTU_[/127.19.202.255:53285] logged in with entity id 29 at ([world]5244.332793884483, 135.0, 6696.942559818572)
[21:58:48] [Paper Common Worker #0/WARN]: [ca.spottedleaf.moonrise.patches.chunk_system.scheduling.task.ChunkUpgradeGenericStatusTask] Future status not complete after scheduling: minecraft:biomes, generate: true
[22:00:46] [User Authenticator #1/INFO]: UUID of player BasFash is a3872072-9c51-35d5-8ab1-1cf83d5aaa5e
[22:00:48] [Server thread/INFO]: BasFash joined the game
[22:00:48] [Server thread/INFO]: BasFash[/127.209.204.157:49243] logged in with entity id 1770 at ([world]567.4059775284319, 73.0, 1788.3469658540173)
[22:01:32] [Server thread/INFO]: SebasyTU_ issued server command: /tp BasFash SebasyTU_
[22:01:32] [Server thread/INFO]: [SebasyTU_: Teleported BasFash to SebasyTU_]
[22:04:56] [Server thread/INFO]: SebasyTU_ issued server command: /terra locate MansionPopulator
[22:07:46] [Server thread/INFO]: BasFash was slain by Vindicator
[22:08:07] [Server thread/INFO]: SebasyTU_ issued server command: /tp BasFash SebasyTU_
[22:08:07] [Server thread/INFO]: [SebasyTU_: Teleported BasFash to SebasyTU_]
[22:08:11] [Server thread/INFO]: SebasyTU_ issued server command: /gamemode survival BasFash
[22:08:11] [Server thread/INFO]: [SebasyTU_: Set BasFash's game mode to Survival Mode]
[22:09:21] [Server thread/INFO]: SebasyTU_ was slain by Vex
[22:09:23] [Server thread/INFO]: BasFash has made the advancement [Cover Me with Diamonds]
[22:09:27] [Server thread/INFO]: SebasyTU_ issued server command: /tp BasFash
[22:09:27] [Server thread/INFO]: [SebasyTU_: Teleported SebasyTU_ to BasFash]
[22:09:30] [Server thread/INFO]: [SebasyTU_: Set own game mode to Survival Mode]
[22:09:38] [Server thread/INFO]: BasFash was slain by Vindicator
[22:09:40] [Server thread/INFO]: SebasyTU_ was slain by Vindicator
[22:10:29] [Server thread/INFO]: SebasyTU_ issued server command: /tp 5952 6976
[22:10:45] [Server thread/INFO]: SebasyTU_ issued server command: /tp 5962 70 6976
[22:10:45] [Server thread/INFO]: [SebasyTU_: Teleported SebasyTU_ to 5962.500000, 70.000000, 6976.500000]
[22:11:11] [Server thread/INFO]: SebasyTU_ issued server command: /tp BasFash SebasyTU_
[22:11:11] [Server thread/INFO]: [SebasyTU_: Teleported BasFash to SebasyTU_]
[22:11:22] [Server thread/INFO]: [SebasyTU_: Set own game mode to Survival Mode]
[22:11:26] [Server thread/INFO]: SebasyTU_ issued server command: /gamemode survival BasFash
[22:11:26] [Server thread/INFO]: [SebasyTU_: Set BasFash's game mode to Survival Mode]
[22:11:31] [Server thread/INFO]: SebasyTU_ was slain by Vindicator
[22:11:38] [Server thread/INFO]: SebasyTU_ issued server command: /tp BasFash
[22:11:38] [Server thread/INFO]: [SebasyTU_: Teleported SebasyTU_ to BasFash]
[22:11:43] [Server thread/INFO]: [SebasyTU_: Set own game mode to Survival Mode]
[22:11:50] [Server thread/INFO]: BasFash was slain by Vindicator
[22:11:51] [Server thread/INFO]: SebasyTU_ was slain by Vindicator
[22:12:05] [Server thread/INFO]: BasFash issued server command: /skin url https://es.namemc.com/skin/0850d151f8dd7590
[22:12:11] [Server thread/INFO]: SebasyTU_ issued server command: /tp 5952 70 6976
[22:12:11] [Server thread/INFO]: [SebasyTU_: Teleported SebasyTU_ to 5952.500000, 70.000000, 6976.500000]
[22:12:45] [Server thread/INFO]: SebasyTU_ issued server command: /tp BasFash SebasyTU_
[22:12:45] [Server thread/INFO]: [SebasyTU_: Teleported BasFash to SebasyTU_]
[22:12:57] [Server thread/INFO]: [SebasyTU_: Set own game mode to Survival Mode]
[22:13:05] [Server thread/INFO]: SebasyTU_ was slain by Vex
[22:13:08] [Server thread/INFO]: SebasyTU_ issued server command: /tp BasFash
[22:13:08] [Server thread/INFO]: [SebasyTU_: Teleported SebasyTU_ to BasFash]
[22:13:10] [Server thread/INFO]: [SebasyTU_: Set own game mode to Survival Mode]
[22:13:21] [Server thread/INFO]: SebasyTU_ was slain by Vex
[22:13:23] [Server thread/INFO]: SebasyTU_ issued server command: /tp BasFash
[22:13:23] [Server thread/INFO]: [SebasyTU_: Teleported SebasyTU_ to BasFash]
[22:13:26] [Server thread/INFO]: [SebasyTU_: Set own game mode to Creative Mode]
[22:13:53] [Server thread/INFO]: SebasyTU_ issued server command: /gamemode survival BasFash
[22:13:53] [Server thread/INFO]: [SebasyTU_: Set BasFash's game mode to Survival Mode]
[22:13:55] [Server thread/INFO]: BasFash was slain by Vindicator
[22:13:56] [Server thread/INFO]: [SebasyTU_: Set own game mode to Spectator Mode]
[22:13:59] [Server thread/INFO]: [SebasyTU_: Set own game mode to Survival Mode]
[22:14:08] [Server thread/INFO]: SebasyTU_ issued server command: /tp BasFash SebasyTU_
[22:14:08] [Server thread/INFO]: [SebasyTU_: Teleported BasFash to SebasyTU_]
[22:14:10] [Server thread/INFO]: SebasyTU_ was slain by Vindicator
[22:14:12] [Server thread/INFO]: SebasyTU_ issued server command: /tp BasFash
[22:14:12] [Server thread/INFO]: [SebasyTU_: Teleported SebasyTU_ to BasFash]
[22:14:18] [Server thread/INFO]: SebasyTU_ issued server command: /gamemode survival @a
[22:14:18] [Server thread/INFO]: [SebasyTU_: Set BasFash's game mode to Survival Mode]
[22:14:18] [Server thread/INFO]: [SebasyTU_: Set own game mode to Survival Mode]
[22:14:33] [Server thread/INFO]: SebasyTU_ was slain by Vex
[22:14:36] [Server thread/INFO]: SebasyTU_ issued server command: /tp BasFash
[22:14:36] [Server thread/INFO]: [SebasyTU_: Teleported SebasyTU_ to BasFash]
[22:14:38] [Server thread/INFO]: [SebasyTU_: Set own game mode to Adventure Mode]
[22:14:40] [Server thread/INFO]: [SebasyTU_: Set own game mode to Survival Mode]
[22:16:02] [Server thread/INFO]: SebasyTU_ lost connection: Disconnected
[22:16:02] [Server thread/INFO]: SebasyTU_ left the game
[22:20:45] [Server thread/INFO]: BasFash was slain by Vindicator
[22:23:36] [User Authenticator #2/INFO]: UUID of player SebasyTU_ is 77a390da-81bb-3a9a-83b6-98e9f9115325
[22:23:36] [Server thread/INFO]: SebasyTU_ joined the game
[22:23:36] [Server thread/INFO]: SebasyTU_[/127.19.202.255:48743] logged in with entity id 18052 at ([world]5928.874980815747, 70.0, 6978.211823042083)
[22:24:00] [Server thread/INFO]: [SebasyTU_: Set own game mode to Adventure Mode]
[22:24:00] [Server thread/INFO]: SebasyTU_ was slain by Vindicator
[22:24:18] [Server thread/INFO]: SebasyTU_ issued server command: /tp 5900 70 6000
[22:24:18] [Server thread/INFO]: [SebasyTU_: Teleported SebasyTU_ to 5900.500000, 70.000000, 6000.500000]
[22:24:40] [Server thread/INFO]: SebasyTU_ issued server command: /terra locate MansionPopulator
[22:24:44] [Server thread/WARN]: Can't keep up! Is the server overloaded? Running 3663ms or 73 ticks behind
[22:25:06] [Server thread/INFO]: SebasyTU_ issued server command: /tp 6464 70 6464
[22:25:06] [Server thread/INFO]: [SebasyTU_: Teleported SebasyTU_ to 6464.500000, 70.000000, 6464.500000]
[22:25:24] [Server thread/INFO]: SebasyTU_ issued server command: /tp 5900 70 6900
[22:25:24] [Server thread/INFO]: [SebasyTU_: Teleported SebasyTU_ to 5900.500000, 70.000000, 6900.500000]
[22:25:43] [Server thread/INFO]: [SebasyTU_: Set own game mode to Creative Mode]
[22:26:06] [Server thread/INFO]: [SebasyTU_: Set own game mode to Spectator Mode]
[22:26:17] [Server thread/INFO]: SebasyTU_ issued server command: /tp BasFash SebasyTU_
[22:26:17] [Server thread/INFO]: [SebasyTU_: Teleported BasFash to SebasyTU_]
[22:26:20] [Server thread/INFO]: SebasyTU_ issued server command: /gamemode survival BasFash
[22:26:20] [Server thread/INFO]: [SebasyTU_: Set BasFash's game mode to Survival Mode]
[22:26:28] [Server thread/INFO]: [SebasyTU_: Set own game mode to Survival Mode]
[22:27:41] [Server thread/INFO]: BasFash was slain by Vindicator
[22:27:48] [Server thread/INFO]: SebasyTU_ issued server command: /tp BasFash SebasyTU_
[22:27:48] [Server thread/INFO]: [SebasyTU_: Teleported BasFash to SebasyTU_]
[22:27:51] [Server thread/INFO]: SebasyTU_ issued server command: /gamemode survival BasFash
[22:27:51] [Server thread/INFO]: [SebasyTU_: Set BasFash's game mode to Survival Mode]
[22:28:11] [Server thread/INFO]: SebasyTU_ was slain by Vindicator
[22:28:15] [Server thread/INFO]: BasFash was slain by Vindicator
[22:28:16] [Server thread/INFO]: SebasyTU_ issued server command: /tp BasFash
[22:28:16] [Server thread/INFO]: [SebasyTU_: Teleported SebasyTU_ to BasFash]
[22:28:21] [Server thread/INFO]: SebasyTU_ issued server command: /gamemode creative
[22:28:21] [Server thread/INFO]: [SebasyTU_: Set own game mode to Creative Mode]
[22:29:06] [Server thread/INFO]: SebasyTU_ issued server command: /tp BasFash SebasyTU_
[22:29:06] [Server thread/INFO]: [SebasyTU_: Teleported BasFash to SebasyTU_]
[22:29:09] [Server thread/INFO]: SebasyTU_ issued server command: /gamemode survival BasFash
[22:29:09] [Server thread/INFO]: [SebasyTU_: Set BasFash's game mode to Survival Mode]
[22:29:40] [Server thread/INFO]: BasFash was slain by Vex
[22:29:48] [Server thread/INFO]: SebasyTU_ issued server command: /tp BasFash SebasyTU_
[22:29:48] [Server thread/INFO]: [SebasyTU_: Teleported BasFash to SebasyTU_]
[22:29:52] [Server thread/INFO]: SebasyTU_ issued server command: /gamemode survival BasFash
[22:29:52] [Server thread/INFO]: [SebasyTU_: Set BasFash's game mode to Survival Mode]
[22:30:39] [Server thread/INFO]: SebasyTU_ issued server command: /tp BasFash SebasyTU_
[22:30:39] [Server thread/INFO]: [SebasyTU_: Teleported BasFash to SebasyTU_]
[22:30:55] [Server thread/INFO]: [SebasyTU_: Set own game mode to Spectator Mode]
[22:30:58] [Server thread/INFO]: [SebasyTU_: Set own game mode to Survival Mode]
[22:32:13] [Server thread/INFO]: [SebasyTU_: Set own game mode to Spectator Mode]
[22:32:16] [Server thread/INFO]: [SebasyTU_: Set own game mode to Creative Mode]
[22:32:28] [Server thread/INFO]: [SebasyTU_: Set own game mode to Spectator Mode]
[22:32:30] [Server thread/INFO]: [SebasyTU_: Set own game mode to Survival Mode]
[22:35:06] [Server thread/INFO]: [SebasyTU_: Set own game mode to Spectator Mode]
[22:35:08] [Server thread/INFO]: [SebasyTU_: Set own game mode to Survival Mode]
[22:35:20] [Server thread/INFO]: [SebasyTU_: Set own game mode to Creative Mode]
[22:35:31] [Server thread/INFO]: [SebasyTU_: Set own game mode to Survival Mode]
[22:37:01] [Server thread/INFO]: BasFash was slain by Vindicator
[22:37:06] [Server thread/INFO]: SebasyTU_ issued server command: /tp BasFash SebasyTU_
[22:37:06] [Server thread/INFO]: [SebasyTU_: Teleported BasFash to SebasyTU_]
[22:37:23] [Server thread/INFO]: SebasyTU_ was slain by Vex
[22:37:27] [Server thread/INFO]: SebasyTU_ issued server command: /tp BasFash
[22:37:27] [Server thread/INFO]: [SebasyTU_: Teleported SebasyTU_ to BasFash]
[22:41:05] [Server thread/INFO]: [SebasyTU_: Set own game mode to Creative Mode]
[22:41:10] [Server thread/INFO]: SebasyTU_ issued server command: /tp BasFash SebasyTU_
[22:41:10] [Server thread/INFO]: [SebasyTU_: Teleported BasFash to SebasyTU_]
[22:41:17] [Server thread/INFO]: SebasyTU_ issued server command: /gamemode survival BasFash
[22:41:17] [Server thread/INFO]: [SebasyTU_: Set BasFash's game mode to Survival Mode]
[22:41:25] [Server thread/INFO]: SebasyTU_ has made the advancement [Voluntary Exile]
[22:41:52] [Server thread/INFO]: [SebasyTU_: Set own game mode to Survival Mode]
[22:42:46] [Server thread/INFO]: BasFash was slain by Vindicator
[22:42:52] [Server thread/INFO]: [SebasyTU_: Set own game mode to Creative Mode]
[22:43:10] [Server thread/INFO]: SebasyTU_ issued server command: /tp BasFash SebasyTU_
[22:43:10] [Server thread/INFO]: [SebasyTU_: Teleported BasFash to SebasyTU_]
[22:43:13] [Server thread/INFO]: SebasyTU_ issued server command: /gamemode survival BasFash
[22:43:13] [Server thread/INFO]: [SebasyTU_: Set BasFash's game mode to Survival Mode]
[22:43:17] [Server thread/INFO]: [SebasyTU_: Set own game mode to Survival Mode]
[22:43:31] [Server thread/INFO]: BasFash was slain by Vindicator
[22:43:36] [Server thread/INFO]: SebasyTU_ has reached the goal [Postmortal]
[22:43:38] [Server thread/INFO]: SebasyTU_ was slain by Vindicator
[22:43:44] [Server thread/INFO]: SebasyTU_ issued server command: /tp BasFash
[22:43:44] [Server thread/INFO]: [SebasyTU_: Teleported SebasyTU_ to BasFash]
[22:44:11] [Server thread/INFO]: SebasyTU_ issued server command: /gamemode survival @a
[22:44:11] [Server thread/INFO]: [SebasyTU_: Set BasFash's game mode to Survival Mode]
[22:44:11] [Server thread/INFO]: [SebasyTU_: Set own game mode to Survival Mode]
[22:44:24] [Server thread/INFO]: BasFash was slain by Vex
[22:44:29] [Server thread/INFO]: SebasyTU_ issued server command: /tp BasFash SebasyTU_
[22:44:29] [Server thread/INFO]: [SebasyTU_: Teleported BasFash to SebasyTU_]
[22:44:32] [Server thread/INFO]: SebasyTU_ lost connection: Disconnected
[22:44:32] [Server thread/INFO]: SebasyTU_ left the game
[22:44:38] [Server thread/INFO]: BasFash lost connection: Disconnected
[22:44:38] [Server thread/INFO]: BasFash left the game
